<?xml version="1.0" encoding="UTF-8"?>
<testsuite xmlns:xsi="http://www.w3.org/2001/XMLSchema-instance" xsi:noNamespaceSchemaLocation="https://maven.apache.org/surefire/maven-surefire-plugin/xsd/surefire-test-report-3.0.xsd" version="3.0" name="TestSuite" time="67.364" tests="12" errors="0" skipped="0" failures="0">
  <properties>
[...]
</properties>
  <testcase name="userLogin" classname="FrontendUserLoginTest" time="10.469">
    <system-err><![CDATA[Aug 11, 2020 7:35:49 PM org.openqa.selenium.remote.ProtocolHandshake createSession
INFO: Detected dialect: W3C
]]></system-err>
  </testcase>
  <testcase name="userLogin" classname="FrontendUserLoginTest" time="9.431">
    <system-err><![CDATA[Aug 11, 2020 7:36:23 PM org.openqa.selenium.remote.ProtocolHandshake createSession
INFO: Detected dialect: W3C
]]></system-err>
  </testcase>
  <testcase name="verifyMenuLinks" classname="FrontendUserLoginTest" time="0.055"/>
  <testcase name="verifyMenuLinks" classname="FrontendUserLoginTest" time="0.042"/>
  <testcase name="userLogout" classname="FrontendUserLoginTest" time="1.815"/>
  <testcase name="userLogout" classname="FrontendUserLoginTest" time="1.981"/>
  <testcase name="userLogin" classname="AdminLoginTest" time="3.36">
    <system-err><![CDATA[Aug 11, 2020 7:36:07 PM org.openqa.selenium.remote.ProtocolHandshake createSession
INFO: Detected dialect: W3C
]]></system-err>
  </testcase>
  <testcase name="userLogin" classname="AdminLoginTest" time="3.568">
    <system-err><![CDATA[Aug 11, 2020 7:36:39 PM org.openqa.selenium.remote.ProtocolHandshake createSession
INFO: Detected dialect: W3C
]]></system-err>
  </testcase>
  <testcase name="verifyMenuLinks" classname="AdminLoginTest" time="6.051"/>
  <testcase name="verifyMenuLinks" classname="AdminLoginTest" time="6.377"/>
  <testcase name="userLogout" classname="AdminLoginTest" time="2.325"/>
  <testcase name="userLogout" classname="AdminLoginTest" time="2.114"/>
</testsuite>