<?xml version="1.0" encoding="UTF-8"?>
<testng-results skipped="0" failed="0" ignored="0" total="12" passed="12">
  <reporter-output>
    <line>
      <![CDATA[Chrome driver initiated.]]>
    </line>
    <line>
      <![CDATA[User logged in successfully in frontend site]]>
    </line>
    <line>
      <![CDATA[Menu links verified under frontend site.]]>
    </line>
    <line>
      <![CDATA[User logged out successfully from frontend site.]]>
    </line>
    <line>
      <![CDATA[Driver closed after testing]]>
    </line>
    <line>
      <![CDATA[Chrome driver initiated.]]>
    </line>
    <line>
      <![CDATA[User logged in successfully in admin site]]>
    </line>
    <line>
      <![CDATA[Menu links verified under frontend site]]>
    </line>
    <line>
      <![CDATA[User logged in successfully in admin site]]>
    </line>
    <line>
      <![CDATA[Driver closed after testing]]>
    </line>
    <line>
      <![CDATA[Firefox driver initiated]]>
    </line>
    <line>
      <![CDATA[User logged in successfully in frontend site]]>
    </line>
    <line>
      <![CDATA[Menu links verified under frontend site.]]>
    </line>
    <line>
      <![CDATA[User logged out successfully from frontend site.]]>
    </line>
    <line>
      <![CDATA[Driver closed after testing]]>
    </line>
    <line>
      <![CDATA[Firefox driver initiated]]>
    </line>
    <line>
      <![CDATA[User logged in successfully in admin site]]>
    </line>
    <line>
      <![CDATA[Menu links verified under frontend site]]>
    </line>
    <line>
      <![CDATA[User logged in successfully in admin site]]>
    </line>
    <line>
      <![CDATA[Driver closed after testing]]>
    </line>
  </reporter-output>
  <suite name="All Test Suite" duration-ms="103387" started-at="2020-08-12T12:39:30 IST" finished-at="2020-08-12T12:41:14 IST">
    <groups>
    </groups>
    <test name="TestOnChrome" duration-ms="31480" started-at="2020-08-12T12:39:30 IST" finished-at="2020-08-12T12:40:02 IST">
      <class name="FrontendUserLoginTest">
        <test-method status="PASS" signature="Setup(java.lang.String)[pri:0, instance:FrontendUserLoginTest@544fe44c]" name="Setup" is-config="true" duration-ms="1567" started-at="2020-08-12T12:39:30 IST" finished-at="2020-08-12T12:39:32 IST">
          <params>
            <param index="0">
              <value>
                <![CDATA[chrome]]>
              </value>
            </param>
          </params>
          <reporter-output>
            <line>
              <![CDATA[Chrome driver initiated.]]>
            </line>
          </reporter-output>
        </test-method> <!-- Setup -->
        <test-method status="PASS" signature="userLogin()[pri:1, instance:FrontendUserLoginTest@544fe44c]" name="userLogin" duration-ms="13198" started-at="2020-08-12T12:39:32 IST" finished-at="2020-08-12T12:39:45 IST">
          <reporter-output>
            <line>
              <![CDATA[User logged in successfully in frontend site]]>
            </line>
          </reporter-output>
        </test-method> <!-- userLogin -->
        <test-method status="PASS" signature="verifyMenuLinks()[pri:2, instance:FrontendUserLoginTest@544fe44c]" name="verifyMenuLinks" duration-ms="2163" started-at="2020-08-12T12:39:45 IST" finished-at="2020-08-12T12:39:47 IST">
          <reporter-output>
            <line>
              <![CDATA[Menu links verified under frontend site.]]>
            </line>
          </reporter-output>
        </test-method> <!-- verifyMenuLinks -->
        <test-method status="PASS" signature="userLogout()[pri:3, instance:FrontendUserLoginTest@544fe44c]" name="userLogout" duration-ms="89" started-at="2020-08-12T12:39:47 IST" finished-at="2020-08-12T12:39:47 IST">
          <reporter-output>
            <line>
              <![CDATA[User logged out successfully from frontend site.]]>
            </line>
          </reporter-output>
        </test-method> <!-- userLogout -->
        <test-method status="PASS" signature="tearDown()[pri:0, instance:FrontendUserLoginTest@544fe44c]" name="tearDown" is-config="true" duration-ms="58" started-at="2020-08-12T12:39:47 IST" finished-at="2020-08-12T12:39:47 IST">
          <reporter-output>
            <line>
              <![CDATA[Driver closed after testing]]>
            </line>
          </reporter-output>
        </test-method> <!-- tearDown -->
      </class> <!-- FrontendUserLoginTest -->
      <class name="AdminLoginTest">
        <test-method status="PASS" signature="Setup(java.lang.String)[pri:0, instance:AdminLoginTest@31610302]" name="Setup" is-config="true" duration-ms="1006" started-at="2020-08-12T12:39:47 IST" finished-at="2020-08-12T12:39:48 IST">
          <params>
            <param index="0">
              <value>
                <![CDATA[chrome]]>
              </value>
            </param>
          </params>
          <reporter-output>
            <line>
              <![CDATA[Chrome driver initiated.]]>
            </line>
          </reporter-output>
        </test-method> <!-- Setup -->
        <test-method status="PASS" signature="userLogin()[pri:1, instance:AdminLoginTest@31610302]" name="userLogin" duration-ms="7999" started-at="2020-08-12T12:39:48 IST" finished-at="2020-08-12T12:39:56 IST">
          <reporter-output>
            <line>
              <![CDATA[User logged in successfully in admin site]]>
            </line>
          </reporter-output>
        </test-method> <!-- userLogin -->
        <test-method status="PASS" signature="verifyMenuLinks()[pri:2, instance:AdminLoginTest@31610302]" name="verifyMenuLinks" duration-ms="3319" started-at="2020-08-12T12:39:56 IST" finished-at="2020-08-12T12:40:00 IST">
          <reporter-output>
            <line>
              <![CDATA[Menu links verified under frontend site]]>
            </line>
          </reporter-output>
        </test-method> <!-- verifyMenuLinks -->
        <test-method status="PASS" signature="userLogout()[pri:3, instance:AdminLoginTest@31610302]" name="userLogout" duration-ms="2000" started-at="2020-08-12T12:40:00 IST" finished-at="2020-08-12T12:40:02 IST">
          <reporter-output>
            <line>
              <![CDATA[User logged in successfully in admin site]]>
            </line>
          </reporter-output>
        </test-method> <!-- userLogout -->
        <test-method status="PASS" signature="tearDown()[pri:0, instance:AdminLoginTest@31610302]" name="tearDown" is-config="true" duration-ms="57" started-at="2020-08-12T12:40:02 IST" finished-at="2020-08-12T12:40:02 IST">
          <reporter-output>
            <line>
              <![CDATA[Driver closed after testing]]>
            </line>
          </reporter-output>
        </test-method> <!-- tearDown -->
      </class> <!-- AdminLoginTest -->
    </test> <!-- TestOnChrome -->
    <test name="TestOnFirefox" duration-ms="71880" started-at="2020-08-12T12:40:02 IST" finished-at="2020-08-12T12:41:14 IST">
      <class name="FrontendUserLoginTest">
        <test-method status="PASS" signature="Setup(java.lang.String)[pri:0, instance:FrontendUserLoginTest@210366b4]" name="Setup" is-config="true" duration-ms="3004" started-at="2020-08-12T12:40:02 IST" finished-at="2020-08-12T12:40:05 IST">
          <params>
            <param index="0">
              <value>
                <![CDATA[firefox]]>
              </value>
            </param>
          </params>
          <reporter-output>
            <line>
              <![CDATA[Firefox driver initiated]]>
            </line>
          </reporter-output>
        </test-method> <!-- Setup -->
        <test-method status="PASS" signature="userLogin()[pri:1, instance:FrontendUserLoginTest@210366b4]" name="userLogin" duration-ms="26398" started-at="2020-08-12T12:40:05 IST" finished-at="2020-08-12T12:40:31 IST">
          <reporter-output>
            <line>
              <![CDATA[User logged in successfully in frontend site]]>
            </line>
          </reporter-output>
        </test-method> <!-- userLogin -->
        <test-method status="PASS" signature="verifyMenuLinks()[pri:2, instance:FrontendUserLoginTest@210366b4]" name="verifyMenuLinks" duration-ms="1154" started-at="2020-08-12T12:40:31 IST" finished-at="2020-08-12T12:40:32 IST">
          <reporter-output>
            <line>
              <![CDATA[Menu links verified under frontend site.]]>
            </line>
          </reporter-output>
        </test-method> <!-- verifyMenuLinks -->
        <test-method status="PASS" signature="userLogout()[pri:3, instance:FrontendUserLoginTest@210366b4]" name="userLogout" duration-ms="567" started-at="2020-08-12T12:40:32 IST" finished-at="2020-08-12T12:40:33 IST">
          <reporter-output>
            <line>
              <![CDATA[User logged out successfully from frontend site.]]>
            </line>
          </reporter-output>
        </test-method> <!-- userLogout -->
        <test-method status="PASS" signature="tearDown()[pri:0, instance:FrontendUserLoginTest@210366b4]" name="tearDown" is-config="true" duration-ms="2343" started-at="2020-08-12T12:40:33 IST" finished-at="2020-08-12T12:40:35 IST">
          <reporter-output>
            <line>
              <![CDATA[Driver closed after testing]]>
            </line>
          </reporter-output>
        </test-method> <!-- tearDown -->
      </class> <!-- FrontendUserLoginTest -->
      <class name="AdminLoginTest">
        <test-method status="PASS" signature="Setup(java.lang.String)[pri:0, instance:AdminLoginTest@eec5a4a]" name="Setup" is-config="true" duration-ms="2786" started-at="2020-08-12T12:40:35 IST" finished-at="2020-08-12T12:40:38 IST">
          <params>
            <param index="0">
              <value>
                <![CDATA[firefox]]>
              </value>
            </param>
          </params>
          <reporter-output>
            <line>
              <![CDATA[Firefox driver initiated]]>
            </line>
          </reporter-output>
        </test-method> <!-- Setup -->
        <test-method status="PASS" signature="userLogin()[pri:1, instance:AdminLoginTest@eec5a4a]" name="userLogin" duration-ms="27024" started-at="2020-08-12T12:40:38 IST" finished-at="2020-08-12T12:41:05 IST">
          <reporter-output>
            <line>
              <![CDATA[User logged in successfully in admin site]]>
            </line>
          </reporter-output>
        </test-method> <!-- userLogin -->
        <test-method status="PASS" signature="verifyMenuLinks()[pri:2, instance:AdminLoginTest@eec5a4a]" name="verifyMenuLinks" duration-ms="3565" started-at="2020-08-12T12:41:05 IST" finished-at="2020-08-12T12:41:09 IST">
          <reporter-output>
            <line>
              <![CDATA[Menu links verified under frontend site]]>
            </line>
          </reporter-output>
        </test-method> <!-- verifyMenuLinks -->
        <test-method status="PASS" signature="userLogout()[pri:3, instance:AdminLoginTest@eec5a4a]" name="userLogout" duration-ms="2659" started-at="2020-08-12T12:41:09 IST" finished-at="2020-08-12T12:41:11 IST">
          <reporter-output>
            <line>
              <![CDATA[User logged in successfully in admin site]]>
            </line>
          </reporter-output>
        </test-method> <!-- userLogout -->
        <test-method status="PASS" signature="tearDown()[pri:0, instance:AdminLoginTest@eec5a4a]" name="tearDown" is-config="true" duration-ms="2376" started-at="2020-08-12T12:41:11 IST" finished-at="2020-08-12T12:41:14 IST">
          <reporter-output>
            <line>
              <![CDATA[Driver closed after testing]]>
            </line>
          </reporter-output>
        </test-method> <!-- tearDown -->
      </class> <!-- AdminLoginTest -->
    </test> <!-- TestOnFirefox -->
  </suite> <!-- All Test Suite -->
</testng-results>
