<?xml version="1.0" encoding="UTF-8"?>
<!-- Generated by org.testng.reporters.JUnitXMLReporter -->
<testsuite hostname="Rahuls-MacBook-Pro.local" ignored="0" tests="6" failures="0" timestamp="2020-08-12T12:41:14 IST" time="71.88" errors="0">
  <testcase name="userLogin" time="26.398" classname="FrontendUserLoginTest"/>
  <testcase name="verifyMenuLinks" time="1.154" classname="FrontendUserLoginTest"/>
  <testcase name="userLogout" time="0.567" classname="FrontendUserLoginTest"/>
  <testcase name="userLogin" time="27.024" classname="AdminLoginTest"/>
  <testcase name="verifyMenuLinks" time="3.565" classname="AdminLoginTest"/>
  <testcase name="userLogout" time="2.659" classname="AdminLoginTest"/>
</testsuite>
