<?xml version="1.0" encoding="UTF-8"?>
<!-- Generated by org.testng.reporters.JUnitXMLReporter -->
<testsuite hostname="Rahuls-MacBook-Pro.local" ignored="0" tests="6" failures="0" timestamp="2020-08-12T12:40:02 IST" time="31.48" errors="0">
  <testcase name="userLogin" time="13.198" classname="FrontendUserLoginTest"/>
  <testcase name="verifyMenuLinks" time="2.163" classname="FrontendUserLoginTest"/>
  <testcase name="userLogout" time="0.089" classname="FrontendUserLoginTest"/>
  <testcase name="userLogin" time="7.999" classname="AdminLoginTest"/>
  <testcase name="verifyMenuLinks" time="3.319" classname="AdminLoginTest"/>
  <testcase name="userLogout" time="2.0" classname="AdminLoginTest"/>
</testsuite>
