<?xml version="1.0" encoding="UTF-8"?>
<!-- Generated by org.testng.reporters.JUnitXMLReporter -->
<testsuite hostname="Rahuls-MacBook-Pro.local" ignored="0" tests="6" failures="0" timestamp="2020-08-11T19:36:54 IST" time="33.202" errors="0">
  <testcase name="userLogin" time="9.431" classname="FrontendUserLoginTest"/>
  <testcase name="verifyMenuLinks" time="0.042" classname="FrontendUserLoginTest"/>
  <testcase name="userLogout" time="1.981" classname="FrontendUserLoginTest"/>
  <testcase name="userLogin" time="3.568" classname="AdminLoginTest"/>
  <testcase name="verifyMenuLinks" time="6.376" classname="AdminLoginTest"/>
  <testcase name="userLogout" time="2.113" classname="AdminLoginTest"/>
</testsuite>
